[01m[K/home/robot/ws_moveit2/src/moveit2_tutorials/doc/examples/perception_pipeline/src/cylinder_segment.cpp:38:10:[m[K [01;31m[Kfatal error: [m[Ksensor_msgs/msg/point_cloud2.hpp: No such file or directory
   38 | #include [01;31m[K<sensor_msgs/msg/point_cloud2.hpp>[m[K
      |          [01;31m[K^~~~~~~~~~~~~~~~~~~~~~~~~~~~~~~~~~[m[K
compilation terminated.
gmake[2]: *** [doc/examples/perception_pipeline/CMakeFiles/cylinder_segment.dir/build.make:76: doc/examples/perception_pipeline/CMakeFiles/cylinder_segment.dir/src/cylinder_segment.cpp.o] Error 1
gmake[1]: *** [CMakeFiles/Makefile2:480: doc/examples/perception_pipeline/CMakeFiles/cylinder_segment.dir/all] Error 2
gmake[1]: *** Waiting for unfinished jobs....
[01m[K/home/robot/ws_moveit2/src/moveit2_tutorials/doc/examples/perception_pipeline/src/bag_publisher_maintain_time.cpp:38:10:[m[K [01;31m[Kfatal error: [m[Krosbag2_cpp/reader.hpp: No such file or directory
   38 | #include [01;31m[K<rosbag2_cpp/reader.hpp>[m[K
      |          [01;31m[K^~~~~~~~~~~~~~~~~~~~~~~~[m[K
compilation terminated.
gmake[2]: *** [doc/examples/perception_pipeline/CMakeFiles/bag_publisher_maintain_time.dir/build.make:76: doc/examples/perception_pipeline/CMakeFiles/bag_publisher_maintain_time.dir/src/bag_publisher_maintain_time.cpp.o] Error 1
gmake[1]: *** [CMakeFiles/Makefile2:506: doc/examples/perception_pipeline/CMakeFiles/bag_publisher_maintain_time.dir/all] Error 2
gmake: *** [Makefile:146: all] Error 2
