[ 25%] Built target dragon_hello_moveit
[35m[1mConsolidate compiler generated dependencies of target dragon_move[0m
[ 37%] [32mBuilding CXX object CMakeFiles/dragon_move.dir/src/dragon_move.cpp.o[0m
[01m[K/home/robot/ws_moveit2/src/dragon_hello_moveit/src/dragon_move.cpp:[m[K In lambda function:
[01m[K/home/robot/ws_moveit2/src/dragon_hello_moveit/src/dragon_move.cpp:56:34:[m[K [01;31m[Kerror: [m[Kexpected â€˜[01m[K;[m[Kâ€™ before â€˜[01m[Kmsg[m[Kâ€™
   56 | rientation.x = sin(45)*0[01;31m[K [m[K//-0.142268;  // Example quaternion
      |                         [01;31m[K^[m[K
      |                         [32m[K;[m[K
   57 | rientation.y = sin(45)*0 //-0.270585;
      |                          

gmake[2]: *** [CMakeFiles/dragon_move.dir/build.make:76: CMakeFiles/dragon_move.dir/src/dragon_move.cpp.o] Error 1
gmake[1]: *** [CMakeFiles/Makefile2:221: CMakeFiles/dragon_move.dir/all] Error 2
gmake: *** [Makefile:146: all] Error 2
