[ 50%] Built target mtc_tutorial
[ 75%] [32mBuilding CXX object CMakeFiles/myrobot_mtc_tutorial.dir/src/myrobot_mtc_tutorial.cpp.o[0m
[01m[K/home/robot/ws_moveit2/src/mtc_tutorial/src/myrobot_mtc_tutorial.cpp:[m[K In member function â€˜[01m[Kmoveit::task_constructor::Task MTCTaskNode::createTask()[m[Kâ€™:
[01m[K/home/robot/ws_moveit2/src/mtc_tutorial/src/myrobot_mtc_tutorial.cpp:259:24:[m[K [01;31m[Kerror: [m[Kâ€˜[01m[Kgrasp[m[Kâ€™ was not declared in this scope
  259 |     task.add(std::move([01;31m[Kgrasp[m[K));
      |                        [01;31m[K^~~~~[m[K
[01m[K/home/robot/ws_moveit2/src/mtc_tutorial/src/myrobot_mtc_tutorial.cpp:260:3:[m[K [01;35m[Kwarning: [m[Kno return statement in function returning non-void [[01;35m[K]8;;https://gcc.gnu.org/onlinedocs/gcc/Warning-Options.html#index-Wreturn-type-Wreturn-type]8;;[m[K]
  260 |   [01;35m[K}[m[K
      |   [01;35m[K^[m[K
[01m[K/home/robot/ws_moveit2/src/mtc_tutorial/src/myrobot_mtc_tutorial.cpp:[m[K At global scope:
[01m[K/home/robot/ws_moveit2/src/mtc_tutorial/src/myrobot_mtc_tutorial.cpp:265:3:[m[K [01;31m[Kerror: [m[Kexpected unqualified-id before â€˜[01m[K{[m[Kâ€™ token
  265 |   [01;31m[K{[m[K
      |   [01;31m[K^[m[K
[01m[K/home/robot/ws_moveit2/src/mtc_tutorial/src/myrobot_mtc_tutorial.cpp:275:3:[m[K [01;31m[Kerror: [m[Kexpected unqualified-id before â€˜[01m[K{[m[Kâ€™ token
  275 |   [01;31m[K{[m[K
      |   [01;31m[K^[m[K
[01m[K/home/robot/ws_moveit2/src/mtc_tutorial/src/myrobot_mtc_tutorial.cpp:348:3:[m[K [01;31m[Kerror: [m[Kexpected unqualified-id before â€˜[01m[K{[m[Kâ€™ token
  348 |   [01;31m[K{[m[K
      |   [01;31m[K^[m[K
[01m[K/home/robot/ws_moveit2/src/mtc_tutorial/src/myrobot_mtc_tutorial.cpp:355:2:[m[K [01;31m[Kerror: [m[Kexpected unqualified-id before â€˜[01m[Kreturn[m[Kâ€™
  355 |  [01;31m[Kreturn[m[K task;
      |  [01;31m[K^~~~~~[m[K
[01m[K/home/robot/ws_moveit2/src/mtc_tutorial/src/myrobot_mtc_tutorial.cpp:356:1:[m[K [01;31m[Kerror: [m[Kexpected declaration before â€˜[01m[K}[m[Kâ€™ token
  356 | [01;31m[K}[m[K
      | [01;31m[K^[m[K
gmake[2]: *** [CMakeFiles/myrobot_mtc_tutorial.dir/build.make:76: CMakeFiles/myrobot_mtc_tutorial.dir/src/myrobot_mtc_tutorial.cpp.o] Error 1
gmake[1]: *** [CMakeFiles/Makefile2:165: CMakeFiles/myrobot_mtc_tutorial.dir/all] Error 2
gmake: *** [Makefile:146: all] Error 2
