[35m[1mConsolidate compiler generated dependencies of target dragon_hello_moveit[0m
[ 50%] Built target dragon_get_pose
[ 75%] [32mBuilding CXX object CMakeFiles/dragon_hello_moveit.dir/src/dragon_hello_moveit.cpp.o[0m
[01m[K/home/robot/ws_moveit2/src/dragon_hello_moveit/src/dragon_hello_moveit.cpp:[m[K In function â€˜[01m[Kint main(int, char**)[m[Kâ€™:
[01m[K/home/robot/ws_moveit2/src/dragon_hello_moveit/src/dragon_hello_moveit.cpp:27:9:[m[K [01;31m[Kerror: [m[Kâ€˜[01m[Krobot_state[m[Kâ€™ does not name a type
   27 |   const [01;31m[Krobot_state[m[K::RobotStatePtr current_state = move_group_interface.getCurrentState(10.0);
      |         [01;31m[K^~~~~~~~~~~[m[K
[01m[K/home/robot/ws_moveit2/src/dragon_hello_moveit/src/dragon_hello_moveit.cpp:28:8:[m[K [01;31m[Kerror: [m[Kâ€˜[01m[Kcurrent_state[m[Kâ€™ was not declared in this scope
   28 |   if (![01;31m[Kcurrent_state[m[K) {
      |        [01;31m[K^~~~~~~~~~~~~[m[K
[01m[K/home/robot/ws_moveit2/src/dragon_hello_moveit/src/dragon_hello_moveit.cpp:33:9:[m[K [01;31m[Kerror: [m[Kâ€˜[01m[Krobot_model[m[Kâ€™ does not name a type
   33 |   const [01;31m[Krobot_model[m[K::JointModelGroup* joint_model_group =
      |         [01;31m[K^~~~~~~~~~~[m[K
[01m[K/home/robot/ws_moveit2/src/dragon_hello_moveit/src/dragon_hello_moveit.cpp:46:19:[m[K [01;31m[Kerror: [m[Kâ€˜[01m[Kcurrent_state[m[Kâ€™ was not declared in this scope
   46 |   bool found_ik = [01;31m[Kcurrent_state[m[K->setFromIK(joint_model_group, target_pose, 10, 0.1);
      |                   [01;31m[K^~~~~~~~~~~~~[m[K
[01m[K/home/robot/ws_moveit2/src/dragon_hello_moveit/src/dragon_hello_moveit.cpp:46:44:[m[K [01;31m[Kerror: [m[Kâ€˜[01m[Kjoint_model_group[m[Kâ€™ was not declared in this scope
   46 |   bool found_ik = current_state->setFromIK([01;31m[Kjoint_model_group[m[K, target_pose, 10, 0.1);
      |                                            [01;31m[K^~~~~~~~~~~~~~~~~[m[K
gmake[2]: *** [CMakeFiles/dragon_hello_moveit.dir/build.make:76: CMakeFiles/dragon_hello_moveit.dir/src/dragon_hello_moveit.cpp.o] Error 1
gmake[1]: *** [CMakeFiles/Makefile2:139: CMakeFiles/dragon_hello_moveit.dir/all] Error 2
gmake: *** [Makefile:146: all] Error 2
