[01m[K/home/robot/ws_moveit2/src/mtc_tutorial/src/myrobot_mtc_tutorial.cpp:[m[K In member function â€˜[01m[Kmoveit::task_constructor::Task MTCTaskNode::createTask()[m[Kâ€™:
[01m[K/home/robot/ws_moveit2/src/mtc_tutorial/src/myrobot_mtc_tutorial.cpp:161:43:[m[K [01;31m[Kerror: [m[Kâ€˜[01m[Kclass moveit::task_constructor::ContainerBase[m[Kâ€™ has no member named â€˜[01m[Kfind[m[Kâ€™
  161 |     auto ready_stage_ptr = task.stages()->[01;31m[Kfind[m[K<mtc::stages::MoveTo>("move to ready");
      |                                           [01;31m[K^~~~[m[K
[01m[K/home/robot/ws_moveit2/src/mtc_tutorial/src/myrobot_mtc_tutorial.cpp:161:67:[m[K [01;31m[Kerror: [m[Kexpected primary-expression before â€˜[01m[K>[m[Kâ€™ token
  161 |     auto ready_stage_ptr = task.stages()->find<mtc::stages::MoveTo[01;31m[K>[m[K("move to ready");
      |                                                                   [01;31m[K^[m[K
[01m[K/home/robot/ws_moveit2/src/mtc_tutorial/src/myrobot_mtc_tutorial.cpp:163:100:[m[K [01;31m[Kerror: [m[Kexpected primary-expression before â€˜[01m[K>[m[Kâ€™ token
  163 |         stage_move_to_pick->properties().set("group", ready_stage_ptr->properties().get<std::string[01;31m[K>[m[K("group"));
      |                                                                                                    [01;31m[K^[m[K
[01m[K/home/robot/ws_moveit2/src/mtc_tutorial/src/myrobot_mtc_tutorial.cpp:164:103:[m[K [01;31m[Kerror: [m[Kexpected primary-expression before â€˜[01m[K>[m[Kâ€™ token
  164 |         stage_move_to_pick->properties().set("ik_frame", ready_stage_ptr->properties().get<std::string[01;31m[K>[m[K("ik_frame"));
      |                                                                                                       [01;31m[K^[m[K
gmake[2]: *** [CMakeFiles/myrobot_mtc_tutorial.dir/build.make:76: CMakeFiles/myrobot_mtc_tutorial.dir/src/myrobot_mtc_tutorial.cpp.o] Error 1
gmake[1]: *** [CMakeFiles/Makefile2:165: CMakeFiles/myrobot_mtc_tutorial.dir/all] Error 2
gmake: *** [Makefile:146: all] Error 2
