[ 50%] Built target mtc_tutorial
[ 75%] [32mBuilding CXX object CMakeFiles/myrobot_mtc_tutorial.dir/src/myrobot_mtc_tutorial.cpp.o[0m
[01m[K/home/robot/ws_moveit2/src/mtc_tutorial/src/myrobot_mtc_tutorial.cpp:[m[K In member function â€˜[01m[Kmoveit::task_constructor::Task MTCTaskNode::createTask()[m[Kâ€™:
[01m[K/home/robot/ws_moveit2/src/mtc_tutorial/src/myrobot_mtc_tutorial.cpp:158:81:[m[K [01;31m[Kerror: [m[Kno matching function for call to â€˜[01m[Kgeometry_msgs::msg::Vector3Stamped_<std::allocator<void> >::Vector3Stamped_(<brace-enclosed initializer list>)[m[Kâ€™
  158 |   stage_lift->setDirection(geometry_msgs::msg::Vector3Stamped{"world", {0, 0, 1}[01;31m[K}[m[K);
      |                                                                                 [01;31m[K^[m[K
In file included from [01m[K/opt/ros/humble/include/geometry_msgs/geometry_msgs/msg/vector3_stamped.hpp:7[m[K,
                 from [01m[K/home/robot/ws_moveit2/install/moveit_task_constructor_core/include/moveit/task_constructor/stages/move_relative.h:45[m[K,
                 from [01m[K/home/robot/ws_moveit2/install/moveit_task_constructor_core/include/moveit/task_constructor/stages.h:51[m[K,
                 from [01m[K/home/robot/ws_moveit2/src/mtc_tutorial/src/myrobot_mtc_tutorial.cpp:6[m[K:
[01m[K/opt/ros/humble/include/geometry_msgs/geometry_msgs/msg/detail/vector3_stamped__struct.hpp:49:12:[m[K [01;36m[Knote: [m[Kcandidate: â€˜[01m[Kgeometry_msgs::msg::Vector3Stamped_<ContainerAllocator>::Vector3Stamped_(const ContainerAllocator&, rosidl_runtime_cpp::MessageInitialization) [with ContainerAllocator = std::allocator<void>][m[Kâ€™
   49 |   explicit [01;36m[KVector3Stamped_[m[K(const ContainerAllocator & _alloc, rosidl_runtime_cpp::MessageInitialization _init = rosidl_runtime_cpp::MessageInitialization::ALL)
      |            [01;36m[K^~~~~~~~~~~~~~~[m[K
[01m[K/opt/ros/humble/include/geometry_msgs/geometry_msgs/msg/detail/vector3_stamped__struct.hpp:49:55:[m[K [01;36m[Knote: [m[K  no known conversion for argument 1 from â€˜[01m[Kconst char [6][m[Kâ€™ to â€˜[01m[Kconst std::allocator<void>&[m[Kâ€™
   49 |   explicit Vector3Stamped_([01;36m[Kconst ContainerAllocator & _alloc[m[K, rosidl_runtime_cpp::MessageInitialization _init = rosidl_runtime_cpp::MessageInitialization::ALL)
      |                            [01;36m[K~~~~~~~~~~~~~~~~~~~~~~~~~~~^~~~~~[m[K
[01m[K/opt/ros/humble/include/geometry_msgs/geometry_msgs/msg/detail/vector3_stamped__struct.hpp:42:12:[m[K [01;36m[Knote: [m[Kcandidate: â€˜[01m[Kgeometry_msgs::msg::Vector3Stamped_<ContainerAllocator>::Vector3Stamped_(rosidl_runtime_cpp::MessageInitialization) [with ContainerAllocator = std::allocator<void>][m[Kâ€™
   42 |   explicit [01;36m[KVector3Stamped_[m[K(rosidl_runtime_cpp::MessageInitialization _init = rosidl_runtime_cpp::MessageInitialization::ALL)
      |            [01;36m[K^~~~~~~~~~~~~~~[m[K
[01m[K/opt/ros/humble/include/geometry_msgs/geometry_msgs/msg/detail/vector3_stamped__struct.hpp:42:12:[m[K [01;36m[Knote: [m[K  candidate expects 1 argument, 2 provided
[01m[K/opt/ros/humble/include/geometry_msgs/geometry_msgs/msg/detail/vector3_stamped__struct.hpp:38:8:[m[K [01;36m[Knote: [m[Kcandidate: â€˜[01m[Kgeometry_msgs::msg::Vector3Stamped_<std::allocator<void> >::Vector3Stamped_(const geometry_msgs::msg::Vector3Stamped_<std::allocator<void> >&)[m[Kâ€™
   38 | struct [01;36m[KVector3Stamped_[m[K
      |        [01;36m[K^~~~~~~~~~~~~~~[m[K
[01m[K/opt/ros/humble/include/geometry_msgs/geometry_msgs/msg/detail/vector3_stamped__struct.hpp:38:8:[m[K [01;36m[Knote: [m[K  candidate expects 1 argument, 2 provided
[01m[K/opt/ros/humble/include/geometry_msgs/geometry_msgs/msg/detail/vector3_stamped__struct.hpp:38:8:[m[K [01;36m[Knote: [m[Kcandidate: â€˜[01m[Kgeometry_msgs::msg::Vector3Stamped_<std::allocator<void> >::Vector3Stamped_(geometry_msgs::msg::Vector3Stamped_<std::allocator<void> >&&)[m[Kâ€™
[01m[K/opt/ros/humble/include/geometry_msgs/geometry_msgs/msg/detail/vector3_stamped__struct.hpp:38:8:[m[K [01;36m[Knote: [m[K  candidate expects 1 argument, 2 provided
[01m[K/home/robot/ws_moveit2/src/mtc_tutorial/src/myrobot_mtc_tutorial.cpp:170:95:[m[K [01;31m[Kerror: [m[Kno matching function for call to â€˜[01m[Kgeometry_msgs::msg::PoseStamped_<std::allocator<void> >::PoseStamped_(<brace-enclosed initializer list>)[m[Kâ€™
  170 |   stage_place->setPose(geometry_msgs::msg::PoseStamped{"object", {0.5, 0.0, 0.0}, {0, 0, 0, 1}[01;31m[K}[m[K);
      |                                                                                               [01;31m[K^[m[K
In file included from [01m[K/opt/ros/humble/include/moveit_msgs/moveit_msgs/msg/detail/visibility_constraint__struct.hpp:21[m[K,
                 from [01m[K/opt/ros/humble/include/moveit_msgs/moveit_msgs/msg/detail/constraints__struct.hpp:26[m[K,
                 from [01m[K/opt/ros/humble/include/moveit_msgs/moveit_msgs/msg/constraints.hpp:7[m[K,
                 from [01m[K/home/robot/ws_moveit2/install/moveit_core/include/moveit/kinematic_constraints/kinematic_constraint.h:46[m[K,
                 from [01m[K/home/robot/ws_moveit2/install/moveit_core/include/moveit/planning_scene/planning_scene.h:45[m[K,
                 from [01m[K/home/robot/ws_moveit2/src/mtc_tutorial/src/myrobot_mtc_tutorial.cpp:2[m[K:
[01m[K/opt/ros/humble/include/geometry_msgs/geometry_msgs/msg/detail/pose_stamped__struct.hpp:49:12:[m[K [01;36m[Knote: [m[Kcandidate: â€˜[01m[Kgeometry_msgs::msg::PoseStamped_<ContainerAllocator>::PoseStamped_(const ContainerAllocator&, rosidl_runtime_cpp::MessageInitialization) [with ContainerAllocator = std::allocator<void>][m[Kâ€™
   49 |   explicit [01;36m[KPoseStamped_[m[K(const ContainerAllocator & _alloc, rosidl_runtime_cpp::MessageInitialization _init = rosidl_runtime_cpp::MessageInitialization::ALL)
      |            [01;36m[K^~~~~~~~~~~~[m[K
[01m[K/opt/ros/humble/include/geometry_msgs/geometry_msgs/msg/detail/pose_stamped__struct.hpp:49:12:[m[K [01;36m[Knote: [m[K  candidate expects 2 arguments, 3 provided
[01m[K/opt/ros/humble/include/geometry_msgs/geometry_msgs/msg/detail/pose_stamped__struct.hpp:42:12:[m[K [01;36m[Knote: [m[Kcandidate: â€˜[01m[Kgeometry_msgs::msg::PoseStamped_<ContainerAllocator>::PoseStamped_(rosidl_runtime_cpp::MessageInitialization) [with ContainerAllocator = std::allocator<void>][m[Kâ€™
   42 |   explicit [01;36m[KPoseStamped_[m[K(rosidl_runtime_cpp::MessageInitialization _init = rosidl_runtime_cpp::MessageInitialization::ALL)
      |            [01;36m[K^~~~~~~~~~~~[m[K
[01m[K/opt/ros/humble/include/geometry_msgs/geometry_msgs/msg/detail/pose_stamped__struct.hpp:42:12:[m[K [01;36m[Knote: [m[K  candidate expects 1 argument, 3 provided
[01m[K/opt/ros/humble/include/geometry_msgs/geometry_msgs/msg/detail/pose_stamped__struct.hpp:38:8:[m[K [01;36m[Knote: [m[Kcandidate: â€˜[01m[Kgeometry_msgs::msg::PoseStamped_<std::allocator<void> >::PoseStamped_(const geometry_msgs::msg::PoseStamped_<std::allocator<void> >&)[m[Kâ€™
   38 | struct [01;36m[KPoseStamped_[m[K
      |        [01;36m[K^~~~~~~~~~~~[m[K
[01m[K/opt/ros/humble/include/geometry_msgs/geometry_msgs/msg/detail/pose_stamped__struct.hpp:38:8:[m[K [01;36m[Knote: [m[K  candidate expects 1 argument, 3 provided
[01m[K/opt/ros/humble/include/geometry_msgs/geometry_msgs/msg/detail/pose_stamped__struct.hpp:38:8:[m[K [01;36m[Knote: [m[Kcandidate: â€˜[01m[Kgeometry_msgs::msg::PoseStamped_<std::allocator<void> >::PoseStamped_(geometry_msgs::msg::PoseStamped_<std::allocator<void> >&&)[m[Kâ€™
[01m[K/opt/ros/humble/include/geometry_msgs/geometry_msgs/msg/detail/pose_stamped__struct.hpp:38:8:[m[K [01;36m[Knote: [m[K  candidate expects 1 argument, 3 provided
gmake[2]: *** [CMakeFiles/myrobot_mtc_tutorial.dir/build.make:76: CMakeFiles/myrobot_mtc_tutorial.dir/src/myrobot_mtc_tutorial.cpp.o] Error 1
gmake[1]: *** [CMakeFiles/Makefile2:165: CMakeFiles/myrobot_mtc_tutorial.dir/all] Error 2
gmake: *** [Makefile:146: all] Error 2
