[ 50%] Built target mtc_tutorial
[ 75%] [32mBuilding CXX object CMakeFiles/myrobot_mtc_tutorial.dir/src/myrobot_mtc_tutorial.cpp.o[0m
[01m[K/home/robot/ws_moveit2/src/mtc_tutorial/src/myrobot_mtc_tutorial.cpp:[m[K In member function â€˜[01m[Kmoveit::task_constructor::Task MTCTaskNode::createTask()[m[Kâ€™:
[01m[K/home/robot/ws_moveit2/src/mtc_tutorial/src/myrobot_mtc_tutorial.cpp:158:7:[m[K [01;31m[Kerror: [m[Kreturn-statement with no value, in function returning â€˜[01m[Kmoveit::task_constructor::Task[m[Kâ€™ [[01;31m[K]8;;https://gcc.gnu.org/onlinedocs/gcc/Warning-Options.html#index-fpermissive-fpermissive]8;;[m[K]
  158 |       [01;31m[Kreturn[m[K;
      |       [01;31m[K^~~~~~[m[K
[01m[K/home/robot/ws_moveit2/src/mtc_tutorial/src/myrobot_mtc_tutorial.cpp:168:15:[m[K [01;35m[Kwarning: [m[Kunused variable â€˜[01m[Kattach_object_stage[m[Kâ€™ [[01;35m[K]8;;https://gcc.gnu.org/onlinedocs/gcc/Warning-Options.html#index-Wunused-variable-Wunused-variable]8;;[m[K]
  168 |   mtc::Stage* [01;35m[Kattach_object_stage[m[K =
      |               [01;35m[K^~~~~~~~~~~~~~~~~~~[m[K
gmake[2]: *** [CMakeFiles/myrobot_mtc_tutorial.dir/build.make:76: CMakeFiles/myrobot_mtc_tutorial.dir/src/myrobot_mtc_tutorial.cpp.o] Error 1
gmake[1]: *** [CMakeFiles/Makefile2:165: CMakeFiles/myrobot_mtc_tutorial.dir/all] Error 2
gmake: *** [Makefile:146: all] Error 2
