[01m[K/home/robot/ws_moveit2/src/mtc_tutorial/src/myrobot_mtc_tutorial.cpp:[m[K In member function â€˜[01m[Kmoveit::task_constructor::Task MTCTaskNode::createTask()[m[Kâ€™:
[01m[K/home/robot/ws_moveit2/src/mtc_tutorial/src/myrobot_mtc_tutorial.cpp:161:45:[m[K [01;31m[Kerror: [m[Kâ€˜[01m[Kclass moveit::task_constructor::ContainerBase[m[Kâ€™ has no member named â€˜[01m[Kstages[m[Kâ€™; did you mean â€˜[01m[KStage[m[Kâ€™?
  161 |     for (const auto& stage : task.stages()->[01;31m[Kstages[m[K()) // Iterate through all stages
      |                                             [01;31m[K^~~~~~[m[K
      |                                             [32m[KStage[m[K
[01m[K/home/robot/ws_moveit2/src/mtc_tutorial/src/myrobot_mtc_tutorial.cpp:167:106:[m[K [01;31m[Kerror: [m[Kexpected primary-expression before â€˜[01m[K>[m[Kâ€™ token
  167 |                 stage_move_to_pick->properties().set("group", move_to_stage->properties().get<std::string[01;31m[K>[m[K("group"));
      |                                                                                                          [01;31m[K^[m[K
[01m[K/home/robot/ws_moveit2/src/mtc_tutorial/src/myrobot_mtc_tutorial.cpp:168:109:[m[K [01;31m[Kerror: [m[Kexpected primary-expression before â€˜[01m[K>[m[Kâ€™ token
  168 |                 stage_move_to_pick->properties().set("ik_frame", move_to_stage->properties().get<std::string[01;31m[K>[m[K("ik_frame"));
      |                                                                                                             [01;31m[K^[m[K
gmake[2]: *** [CMakeFiles/myrobot_mtc_tutorial.dir/build.make:76: CMakeFiles/myrobot_mtc_tutorial.dir/src/myrobot_mtc_tutorial.cpp.o] Error 1
gmake[1]: *** [CMakeFiles/Makefile2:165: CMakeFiles/myrobot_mtc_tutorial.dir/all] Error 2
gmake: *** [Makefile:146: all] Error 2
