[  0%] Built target gtest_main_autogen_timestamp_deps
[  0%] Built target gtest_autogen_timestamp_deps
[  0%] Built target moveit_setup_app_plugins_autogen_timestamp_deps
[  3%] Built target gtest_main_autogen
[  7%] Built target gtest_autogen
[ 11%] Built target moveit_setup_app_plugins_autogen
[ 25%] Built target gtest_main
[ 40%] Built target gtest
[ 85%] Built target moveit_setup_app_plugins
[ 85%] Built target test_perception_autogen_timestamp_deps
[ 88%] Built target test_perception_autogen
[100%] Built target test_perception
-- Install configuration: "Release"
-- Up-to-date: /home/robot/ws_moveit2/install/moveit_setup_app_plugins/share/moveit_setup_app_plugins/templates
-- Up-to-date: /home/robot/ws_moveit2/install/moveit_setup_app_plugins/share/moveit_setup_app_plugins/templates/launch
-- Up-to-date: /home/robot/ws_moveit2/install/moveit_setup_app_plugins/share/moveit_setup_app_plugins/templates/launch/generic.launch.py.template
-- Up-to-date: /home/robot/ws_moveit2/install/moveit_setup_app_plugins/share/moveit_setup_app_plugins/templates/config
-- Up-to-date: /home/robot/ws_moveit2/install/moveit_setup_app_plugins/share/moveit_setup_app_plugins/templates/config/sensors_3d.yaml
-- Up-to-date: /home/robot/ws_moveit2/install/moveit_setup_app_plugins/share/moveit_setup_app_plugins/templates/config/moveit.rviz
-- Up-to-date: /home/robot/ws_moveit2/install/moveit_setup_app_plugins/lib/libmoveit_setup_app_plugins.so
-- Up-to-date: /home/robot/ws_moveit2/install/moveit_setup_app_plugins/share/moveit_setup_app_plugins/moveit_setup_framework_plugins.xml
-- Up-to-date: /home/robot/ws_moveit2/install/moveit_setup_app_plugins/include
-- Up-to-date: /home/robot/ws_moveit2/install/moveit_setup_app_plugins/include/moveit_setup_app_plugins
-- Up-to-date: /home/robot/ws_moveit2/install/moveit_setup_app_plugins/include/moveit_setup_app_plugins/launch_bundle.hpp
-- Up-to-date: /home/robot/ws_moveit2/install/moveit_setup_app_plugins/include/moveit_setup_app_plugins/launches_config.hpp
-- Up-to-date: /home/robot/ws_moveit2/install/moveit_setup_app_plugins/include/moveit_setup_app_plugins/perception_widget.hpp
-- Up-to-date: /home/robot/ws_moveit2/install/moveit_setup_app_plugins/include/moveit_setup_app_plugins/launches_widget.hpp
-- Up-to-date: /home/robot/ws_moveit2/install/moveit_setup_app_plugins/include/moveit_setup_app_plugins/launches.hpp
-- Up-to-date: /home/robot/ws_moveit2/install/moveit_setup_app_plugins/include/moveit_setup_app_plugins/perception.hpp
-- Up-to-date: /home/robot/ws_moveit2/install/moveit_setup_app_plugins/include/moveit_setup_app_plugins/perception_config.hpp
-- Up-to-date: /home/robot/ws_moveit2/install/moveit_setup_app_plugins/share/moveit_setup_app_plugins/environment/library_path.sh
-- Up-to-date: /home/robot/ws_moveit2/install/moveit_setup_app_plugins/share/moveit_setup_app_plugins/environment/library_path.dsv
-- Up-to-date: /home/robot/ws_moveit2/install/moveit_setup_app_plugins/share/moveit_setup_app_plugins/moveit_setup_framework_plugins.xml
-- Up-to-date: /home/robot/ws_moveit2/install/moveit_setup_app_plugins/share/ament_index/resource_index/package_run_dependencies/moveit_setup_app_plugins
-- Up-to-date: /home/robot/ws_moveit2/install/moveit_setup_app_plugins/share/ament_index/resource_index/parent_prefix_path/moveit_setup_app_plugins
-- Up-to-date: /home/robot/ws_moveit2/install/moveit_setup_app_plugins/share/moveit_setup_app_plugins/environment/ament_prefix_path.sh
-- Up-to-date: /home/robot/ws_moveit2/install/moveit_setup_app_plugins/share/moveit_setup_app_plugins/environment/ament_prefix_path.dsv
-- Up-to-date: /home/robot/ws_moveit2/install/moveit_setup_app_plugins/share/moveit_setup_app_plugins/environment/path.sh
-- Up-to-date: /home/robot/ws_moveit2/install/moveit_setup_app_plugins/share/moveit_setup_app_plugins/environment/path.dsv
-- Up-to-date: /home/robot/ws_moveit2/install/moveit_setup_app_plugins/share/moveit_setup_app_plugins/local_setup.bash
-- Up-to-date: /home/robot/ws_moveit2/install/moveit_setup_app_plugins/share/moveit_setup_app_plugins/local_setup.sh
-- Up-to-date: /home/robot/ws_moveit2/install/moveit_setup_app_plugins/share/moveit_setup_app_plugins/local_setup.zsh
-- Up-to-date: /home/robot/ws_moveit2/install/moveit_setup_app_plugins/share/moveit_setup_app_plugins/local_setup.dsv
-- Installing: /home/robot/ws_moveit2/install/moveit_setup_app_plugins/share/moveit_setup_app_plugins/package.dsv
-- Up-to-date: /home/robot/ws_moveit2/install/moveit_setup_app_plugins/share/ament_index/resource_index/packages/moveit_setup_app_plugins
-- Up-to-date: /home/robot/ws_moveit2/install/moveit_setup_app_plugins/share/ament_index/resource_index/moveit_setup_framework__pluginlib__plugin/moveit_setup_app_plugins
-- Up-to-date: /home/robot/ws_moveit2/install/moveit_setup_app_plugins/share/moveit_setup_app_plugins/cmake/export_moveit_setup_app_pluginsExport.cmake
-- Up-to-date: /home/robot/ws_moveit2/install/moveit_setup_app_plugins/share/moveit_setup_app_plugins/cmake/export_moveit_setup_app_pluginsExport-release.cmake
-- Up-to-date: /home/robot/ws_moveit2/install/moveit_setup_app_plugins/share/moveit_setup_app_plugins/cmake/ament_cmake_export_include_directories-extras.cmake
-- Up-to-date: /home/robot/ws_moveit2/install/moveit_setup_app_plugins/share/moveit_setup_app_plugins/cmake/ament_cmake_export_libraries-extras.cmake
-- Up-to-date: /home/robot/ws_moveit2/install/moveit_setup_app_plugins/share/moveit_setup_app_plugins/cmake/ament_cmake_export_targets-extras.cmake
-- Up-to-date: /home/robot/ws_moveit2/install/moveit_setup_app_plugins/share/moveit_setup_app_plugins/cmake/moveit_setup_app_pluginsConfig.cmake
-- Up-to-date: /home/robot/ws_moveit2/install/moveit_setup_app_plugins/share/moveit_setup_app_plugins/cmake/moveit_setup_app_pluginsConfig-version.cmake
-- Up-to-date: /home/robot/ws_moveit2/install/moveit_setup_app_plugins/share/moveit_setup_app_plugins/package.xml
Traceback (most recent call last):
  File "/usr/lib/python3/dist-packages/colcon_parallel_executor/executor/parallel.py", line 75, in execute
    loop.run_until_complete(future)
  File "/usr/lib/python3.10/asyncio/base_events.py", line 636, in run_until_complete
    self.run_forever()
  File "/usr/lib/python3.10/asyncio/base_events.py", line 603, in run_forever
    self._run_once()
  File "/usr/lib/python3.10/asyncio/base_events.py", line 1871, in _run_once
    event_list = self._selector.select(timeout)
  File "/usr/lib/python3.10/selectors.py", line 469, in select
    fd_event_list = self._selector.poll(timeout, max_ev)
KeyboardInterrupt

During handling of the above exception, another exception occurred:

Traceback (most recent call last):
  File "/usr/lib/python3/dist-packages/colcon_core/executor/__init__.py", line 91, in __call__
    rc = await self.task(*args, **kwargs)
  File "/usr/lib/python3/dist-packages/colcon_core/task/__init__.py", line 93, in __call__
    return await task_method(*args, **kwargs)
  File "/usr/lib/python3/dist-packages/colcon_ros/task/ament_cmake/build.py", line 65, in build
    has_install_target = await has_target(args.build_base, 'install')
  File "/usr/lib/python3/dist-packages/colcon_cmake/task/cmake/__init__.py", line 57, in has_target
    return target in await get_makefile_targets(path)
  File "/usr/lib/python3/dist-packages/colcon_cmake/task/cmake/__init__.py", line 77, in get_makefile_targets
    output = await check_output([
  File "/usr/lib/python3/dist-packages/colcon_core/subprocess.py", line 129, in check_output
    assert not rc, f'Expected {args} to pass: {stderr_data}'
AssertionError: Expected ['/home/robot/.local/bin/cmake', '--build', '/home/robot/ws_moveit2/build/moveit_setup_app_plugins', '--target', 'help'] to pass: gmake: *** wait: No child processes.  Stop.
gmake: *** Waiting for unfinished jobs....
gmake: *** wait: No child processes.  Stop.
Traceback (most recent call last):
  File "/home/robot/.local/bin/cmake", line 8, in <module>
    sys.exit(cmake())
  File "/home/robot/.local/lib/python3.10/site-packages/cmake/__init__.py", line 51, in cmake
    raise SystemExit(_program('cmake', sys.argv[1:]))
  File "/home/robot/.local/lib/python3.10/site-packages/cmake/__init__.py", line 47, in _program
    return subprocess.call([os.path.join(CMAKE_BIN_DIR, name), *args], close_fds=False)
  File "/usr/lib/python3.10/subprocess.py", line 347, in call
    return p.wait(timeout=timeout)
  File "/usr/lib/python3.10/subprocess.py", line 1209, in wait
    return self._wait(timeout=timeout)
  File "/usr/lib/python3.10/subprocess.py", line 1959, in _wait
    (pid, sts) = self._try_wait(0)
  File "/usr/lib/python3.10/subprocess.py", line 1917, in _try_wait
    (pid, sts) = os.waitpid(self.pid, wait_flags)
KeyboardInterrupt

