[01m[K/home/robot/ws_moveit2/src/moveit2_tutorials/doc/examples/perception_pipeline/src/bag_publisher_maintain_time.cpp:[m[K In member function â€˜[01m[Kvoid BagPublisherMaintainTime::publishPointCloud()[m[Kâ€™:
[01m[K/home/robot/ws_moveit2/src/moveit2_tutorials/doc/examples/perception_pipeline/src/bag_publisher_maintain_time.cpp:80:26:[m[K [01;31m[Kerror: [m[Kâ€˜[01m[Kclass rclcpp::SerializedMessage[m[Kâ€™ has no member named â€˜[01m[Kset_rcl_serialized_data[m[Kâ€™; did you mean â€˜[01m[Kget_rcl_serialized_message[m[Kâ€™?
   80 |       serialized_message.[01;31m[Kset_rcl_serialized_data[m[K(serialized_msg->get_rcl_serialized_message);
      |                          [01;31m[K^~~~~~~~~~~~~~~~~~~~~~~[m[K
      |                          [32m[Kget_rcl_serialized_message[m[K
[01m[K/home/robot/ws_moveit2/src/moveit2_tutorials/doc/examples/perception_pipeline/src/bag_publisher_maintain_time.cpp:80:66:[m[K [01;31m[Kerror: [m[Kâ€˜[01m[Kusing element_type = struct rosbag2_storage::SerializedBagMessage[m[Kâ€™ {aka â€˜[01m[Kstruct rosbag2_storage::SerializedBagMessage[m[Kâ€™} has no member named â€˜[01m[Kget_rcl_serialized_message[m[Kâ€™
   80 |       serialized_message.set_rcl_serialized_data(serialized_msg->[01;31m[Kget_rcl_serialized_message[m[K);
      |                                                                  [01;31m[K^~~~~~~~~~~~~~~~~~~~~~~~~~[m[K
gmake[2]: *** [doc/examples/perception_pipeline/CMakeFiles/bag_publisher_maintain_time.dir/build.make:76: doc/examples/perception_pipeline/CMakeFiles/bag_publisher_maintain_time.dir/src/bag_publisher_maintain_time.cpp.o] Error 1
gmake[1]: *** [CMakeFiles/Makefile2:506: doc/examples/perception_pipeline/CMakeFiles/bag_publisher_maintain_time.dir/all] Error 2
gmake: *** [Makefile:146: all] Error 2
