[  6%] Built target minimal_mtc_tutorial
[ 13%] Built target cylinder_segment
[ 16%] [32mBuilding CXX object doc/examples/perception_pipeline/CMakeFiles/bag_publisher_maintain_time.dir/src/bag_publisher_maintain_time.cpp.o[0m
[ 23%] Built target mtc_tutorial
[ 30%] Built target motion_planning_api_tutorial
[ 36%] Built target move_group_interface_tutorial
[ 43%] Built target pilz_move_group
[ 50%] Built target planning_scene_tutorial
[ 56%] Built target pilz_mtc
[ 63%] Built target planning_scene_ros_api_tutorial
[ 70%] Built target robot_model_and_robot_state_tutorial
[ 76%] Built target servo_keyboard_input
[ 83%] Built target servo_cpp_interface_demo
[ 90%] Built target moveit_cpp_tutorial
[ 96%] Built target ompl_constrained_planning
[01m[K/home/robot/ws_moveit2/src/moveit2_tutorials/doc/examples/perception_pipeline/src/bag_publisher_maintain_time.cpp:[m[K In member function â€˜[01m[Kvoid BagPublisherMaintainTime::publishPointCloud()[m[Kâ€™:
[01m[K/home/robot/ws_moveit2/src/moveit2_tutorials/doc/examples/perception_pipeline/src/bag_publisher_maintain_time.cpp:52:26:[m[K [01;31m[Kerror: [m[Kâ€˜[01m[Kclass rclcpp::SerializedMessage[m[Kâ€™ has no member named â€˜[01m[Kdata[m[Kâ€™
   52 |       serialized_message.[01;31m[Kdata[m[K = data.data();
      |                          [01;31m[K^~~~[m[K
[01m[K/home/robot/ws_moveit2/src/moveit2_tutorials/doc/examples/perception_pipeline/src/bag_publisher_maintain_time.cpp:53:26:[m[K [01;31m[Kerror: [m[Kinvalid use of member function â€˜[01m[Ksize_t rclcpp::SerializedMessage::size() const[m[Kâ€™ (did you forget the â€˜[01m[K()[m[Kâ€™ ?)
   53 |       [01;31m[Kserialized_message.size[m[K = data.size();
      |       [01;31m[K~~~~~~~~~~~~~~~~~~~^~~~[m[K
      |                              [32m[K()[m[K
gmake[2]: *** [doc/examples/perception_pipeline/CMakeFiles/bag_publisher_maintain_time.dir/build.make:76: doc/examples/perception_pipeline/CMakeFiles/bag_publisher_maintain_time.dir/src/bag_publisher_maintain_time.cpp.o] Error 1
gmake[1]: *** [CMakeFiles/Makefile2:506: doc/examples/perception_pipeline/CMakeFiles/bag_publisher_maintain_time.dir/all] Error 2
gmake: *** [Makefile:146: all] Error 2
