[  3%] [32mBuilding CXX object doc/examples/perception_pipeline/CMakeFiles/cylinder_segment.dir/src/cylinder_segment.cpp.o[0m
[ 10%] Built target minimal_mtc_tutorial
[ 13%] [32mBuilding CXX object doc/examples/perception_pipeline/CMakeFiles/bag_publisher_maintain_time.dir/src/bag_publisher_maintain_time.cpp.o[0m
[ 20%] Built target move_group_interface_tutorial
[ 26%] Built target mtc_tutorial
[ 33%] Built target motion_planning_api_tutorial
[ 40%] Built target pilz_move_group
[ 46%] Built target planning_scene_ros_api_tutorial
[ 53%] Built target planning_scene_tutorial
[ 60%] Built target pilz_mtc
[ 66%] Built target moveit_cpp_tutorial
[ 73%] Built target servo_keyboard_input
[ 80%] Built target robot_model_and_robot_state_tutorial
[ 86%] Built target servo_cpp_interface_demo
[ 93%] Built target ompl_constrained_planning
[01m[K/home/robot/ws_moveit2/src/moveit2_tutorials/doc/examples/perception_pipeline/src/cylinder_segment.cpp:38:10:[m[K [01;31m[Kfatal error: [m[Ksensor_msgs/msg/point_cloud2.hpp: No such file or directory
   38 | #include [01;31m[K<sensor_msgs/msg/point_cloud2.hpp>[m[K
      |          [01;31m[K^~~~~~~~~~~~~~~~~~~~~~~~~~~~~~~~~~[m[K
compilation terminated.
gmake[2]: *** [doc/examples/perception_pipeline/CMakeFiles/cylinder_segment.dir/build.make:76: doc/examples/perception_pipeline/CMakeFiles/cylinder_segment.dir/src/cylinder_segment.cpp.o] Error 1
gmake[1]: *** [CMakeFiles/Makefile2:480: doc/examples/perception_pipeline/CMakeFiles/cylinder_segment.dir/all] Error 2
gmake[1]: *** Waiting for unfinished jobs....
In file included from [01m[K/usr/include/c++/11/memory:77[m[K,
                 from [01m[K/opt/ros/humble/include/rclcpp/rclcpp/rclcpp.hpp:153[m[K,
                 from [01m[K/home/robot/ws_moveit2/src/moveit2_tutorials/doc/examples/perception_pipeline/src/bag_publisher_maintain_time.cpp:37[m[K:
/usr/include/c++/11/bits/shared_ptr.h: In instantiation of â€˜[01m[Kstd::shared_ptr<_Tp> std::dynamic_pointer_cast(const std::shared_ptr<_Tp>&) [with _Tp = sensor_msgs::msg::PointCloud2_<std::allocator<void> >; _Up = rosbag2_storage::SerializedBagMessage][m[Kâ€™:
[01m[K/home/robot/ws_moveit2/src/moveit2_tutorials/doc/examples/perception_pipeline/src/bag_publisher_maintain_time.cpp:78:84:[m[K   required from here
[01m[K/usr/include/c++/11/bits/shared_ptr.h:603:23:[m[K [01;31m[Kerror: [m[Kcannot â€˜[01m[Kdynamic_cast[m[Kâ€™ â€˜[01m[K(& __r)->std::shared_ptr<rosbag2_storage::SerializedBagMessage>::<anonymous>.std::__shared_ptr<rosbag2_storage::SerializedBagMessage, __gnu_cxx::_S_atomic>::get()[m[Kâ€™ (of type â€˜[01m[Kusing element_type = std::remove_extent<rosbag2_storage::SerializedBagMessage>::type*[m[Kâ€™ {aka â€˜[01m[Kstruct rosbag2_storage::SerializedBagMessage*[m[Kâ€™}) to type â€˜[01m[Kusing element_type = using element_type = std::remove_extent<sensor_msgs::msg::PointCloud2_<std::allocator<void> > >::type*[m[Kâ€™ {aka â€˜[01m[Kstruct sensor_msgs::msg::PointCloud2_<std::allocator<void> >*[m[Kâ€™} (source type is not polymorphic)
  603 |       if (auto* __p = [01;31m[Kdynamic_cast<typename _Sp::element_type*>(__r.get())[m[K)
      |                       [01;31m[K^~~~~~~~~~~~~~~~~~~~~~~~~~~~~~~~~~~~~~~~~~~~~~~~~~~~[m[K
gmake[2]: *** [doc/examples/perception_pipeline/CMakeFiles/bag_publisher_maintain_time.dir/build.make:76: doc/examples/perception_pipeline/CMakeFiles/bag_publisher_maintain_time.dir/src/bag_publisher_maintain_time.cpp.o] Error 1
gmake[1]: *** [CMakeFiles/Makefile2:506: doc/examples/perception_pipeline/CMakeFiles/bag_publisher_maintain_time.dir/all] Error 2
gmake: *** [Makefile:146: all] Error 2
