[0.000000] (-) TimerEvent: {}
[0.001476] (-) JobUnselected: {'identifier': 'chomp_motion_planner'}
[0.001525] (-) JobUnselected: {'identifier': 'dragon_hello_moveit'}
[0.001550] (-) JobUnselected: {'identifier': 'dragon_moveit_config'}
[0.001571] (-) JobUnselected: {'identifier': 'launch_param_builder'}
[0.001591] (-) JobUnselected: {'identifier': 'motion_planning_python_api'}
[0.001692] (-) JobUnselected: {'identifier': 'moveit'}
[0.001808] (-) JobUnselected: {'identifier': 'moveit2_tutorials'}
[0.001845] (-) JobUnselected: {'identifier': 'moveit_chomp_optimizer_adapter'}
[0.001880] (-) JobUnselected: {'identifier': 'moveit_common'}
[0.001914] (-) JobUnselected: {'identifier': 'moveit_configs_utils'}
[0.002058] (-) JobUnselected: {'identifier': 'moveit_core'}
[0.002096] (-) JobUnselected: {'identifier': 'moveit_hybrid_planning'}
[0.002130] (-) JobUnselected: {'identifier': 'moveit_kinematics'}
[0.002202] (-) JobUnselected: {'identifier': 'moveit_planners'}
[0.002246] (-) JobUnselected: {'identifier': 'moveit_planners_chomp'}
[0.002306] (-) JobUnselected: {'identifier': 'moveit_planners_ompl'}
[0.002351] (-) JobUnselected: {'identifier': 'moveit_plugins'}
[0.002386] (-) JobUnselected: {'identifier': 'moveit_resources'}
[0.002419] (-) JobUnselected: {'identifier': 'moveit_resources_dragon_description'}
[0.002455] (-) JobUnselected: {'identifier': 'moveit_resources_fanuc_description'}
[0.002489] (-) JobUnselected: {'identifier': 'moveit_resources_fanuc_moveit_config'}
[0.002524] (-) JobUnselected: {'identifier': 'moveit_resources_panda_description'}
[0.002557] (-) JobUnselected: {'identifier': 'moveit_resources_panda_moveit_config'}
[0.002593] (-) JobUnselected: {'identifier': 'moveit_resources_pr2_description'}
[0.002661] (-) JobUnselected: {'identifier': 'moveit_resources_prbt_ikfast_manipulator_plugin'}
[0.002706] (-) JobUnselected: {'identifier': 'moveit_resources_prbt_moveit_config'}
[0.002741] (-) JobUnselected: {'identifier': 'moveit_resources_prbt_pg70_support'}
[0.002775] (-) JobUnselected: {'identifier': 'moveit_resources_prbt_support'}
[0.002809] (-) JobUnselected: {'identifier': 'moveit_ros'}
[0.002845] (-) JobUnselected: {'identifier': 'moveit_ros_benchmarks'}
[0.002878] (-) JobUnselected: {'identifier': 'moveit_ros_control_interface'}
[0.002914] (-) JobUnselected: {'identifier': 'moveit_ros_move_group'}
[0.003349] (-) JobUnselected: {'identifier': 'moveit_ros_occupancy_map_monitor'}
[0.003398] (-) JobUnselected: {'identifier': 'moveit_ros_perception'}
[0.003433] (-) JobUnselected: {'identifier': 'moveit_ros_planning'}
[0.003467] (-) JobUnselected: {'identifier': 'moveit_ros_planning_interface'}
[0.003496] (-) JobUnselected: {'identifier': 'moveit_ros_robot_interaction'}
[0.003529] (-) JobUnselected: {'identifier': 'moveit_ros_visualization'}
[0.003619] (-) JobUnselected: {'identifier': 'moveit_ros_warehouse'}
[0.003715] (-) JobUnselected: {'identifier': 'moveit_runtime'}
[0.003791] (-) JobUnselected: {'identifier': 'moveit_servo'}
[0.003826] (-) JobUnselected: {'identifier': 'moveit_setup_app_plugins'}
[0.003860] (-) JobUnselected: {'identifier': 'moveit_setup_assistant'}
[0.003894] (-) JobUnselected: {'identifier': 'moveit_setup_controllers'}
[0.003928] (-) JobUnselected: {'identifier': 'moveit_setup_core_plugins'}
[0.003962] (-) JobUnselected: {'identifier': 'moveit_setup_framework'}
[0.003996] (-) JobUnselected: {'identifier': 'moveit_setup_srdf_plugins'}
[0.004029] (-) JobUnselected: {'identifier': 'moveit_simple_controller_manager'}
[0.004065] (-) JobUnselected: {'identifier': 'moveit_task_constructor_capabilities'}
[0.004517] (-) JobUnselected: {'identifier': 'moveit_task_constructor_core'}
[0.004561] (-) JobUnselected: {'identifier': 'moveit_task_constructor_demo'}
[0.004661] (-) JobUnselected: {'identifier': 'moveit_task_constructor_msgs'}
[0.004711] (-) JobUnselected: {'identifier': 'moveit_task_constructor_visualization'}
[0.004747] (-) JobUnselected: {'identifier': 'moveit_visual_tools'}
[0.004777] (-) JobUnselected: {'identifier': 'mtc_tutorial'}
[0.004812] (-) JobUnselected: {'identifier': 'my_pybullet_package'}
[0.004859] (-) JobUnselected: {'identifier': 'my_robot_interfaces'}
[0.004894] (-) JobUnselected: {'identifier': 'myrobot_hello_moveit'}
[0.004978] (-) JobUnselected: {'identifier': 'myrobot_moveit_config'}
[0.005014] (-) JobUnselected: {'identifier': 'myrobot_ompl_constrained_planning'}
[0.005102] (-) JobUnselected: {'identifier': 'pilz_industrial_motion_planner'}
[0.005138] (-) JobUnselected: {'identifier': 'pilz_industrial_motion_planner_testutils'}
[0.005210] (-) JobUnselected: {'identifier': 'rosparam_shortcuts'}
[0.005248] (-) JobUnselected: {'identifier': 'rviz_marker_tools'}
[0.005282] (-) JobUnselected: {'identifier': 'srdfdom'}
[0.005321] (my_robot_first_servo_control) JobQueued: {'identifier': 'my_robot_first_servo_control', 'dependencies': OrderedDict([('my_robot_interfaces', '/home/robot/ws_moveit2/install/my_robot_interfaces')])}
[0.005368] (my_robot_first_servo_control) JobStarted: {'identifier': 'my_robot_first_servo_control'}
[0.099490] (-) TimerEvent: {}
[0.200829] (-) TimerEvent: {}
[0.302357] (-) TimerEvent: {}
[0.403496] (-) TimerEvent: {}
[0.504603] (-) TimerEvent: {}
[0.606218] (-) TimerEvent: {}
[0.708253] (-) TimerEvent: {}
[0.809001] (-) TimerEvent: {}
[0.911215] (-) TimerEvent: {}
[1.012176] (-) TimerEvent: {}
[1.113440] (-) TimerEvent: {}
[1.215766] (-) TimerEvent: {}
[1.317243] (-) TimerEvent: {}
[1.418527] (-) TimerEvent: {}
[1.520433] (-) TimerEvent: {}
[1.620919] (-) TimerEvent: {}
[1.721683] (-) TimerEvent: {}
[1.825900] (-) TimerEvent: {}
[1.926234] (-) TimerEvent: {}
[2.030451] (-) TimerEvent: {}
[2.130758] (-) TimerEvent: {}
[2.231286] (-) TimerEvent: {}
[2.331823] (-) TimerEvent: {}
[2.432417] (-) TimerEvent: {}
[2.534040] (-) TimerEvent: {}
[2.608764] (my_robot_first_servo_control) StderrLine: {'line': b'Traceback (most recent call last):\n  File "/usr/lib/python3/dist-packages/colcon_parallel_executor/executor/parallel.py", line 75, in execute\n    loop.run_until_complete(future)\n  File "/usr/lib/python3.10/asyncio/base_events.py", line 636, in run_until_complete\n    self.run_forever()\n  File "/usr/lib/python3.10/asyncio/base_events.py", line 603, in run_forever\n    self._run_once()\n  File "/usr/lib/python3.10/asyncio/base_events.py", line 1871, in _run_once\n    event_list = self._selector.select(timeout)\n  File "/usr/lib/python3.10/selectors.py", line 469, in select\n    fd_event_list = self._selector.poll(timeout, max_ev)\nKeyboardInterrupt\n\nDuring handling of the above exception, another exception occurred:\n\nTraceback (most recent call last):\n  File "/usr/lib/python3/dist-packages/colcon_core/executor/__init__.py", line 91, in __call__\n    rc = await self.task(*args, **kwargs)\n  File "/usr/lib/python3/dist-packages/colcon_core/task/__init__.py", line 93, in __call__\n    return await task_method(*args, **kwargs)\n  File "/usr/lib/python3/dist-packages/colcon_ros/task/ament_python/build.py", line 102, in build\n    return await extension.build(additional_hooks=additional_hooks)\n  File "/usr/lib/python3/dist-packages/colcon_core/task/python/build.py", line 94, in build\n    available_commands = await self._get_available_commands(\n  File "/usr/lib/python3/dist-packages/colcon_core/task/python/build.py", line 192, in _get_available_commands\n    output = await check_output(\n  File "/usr/lib/python3/dist-packages/colcon_core/subprocess.py", line 129, in check_output\n    assert not rc, f\'Expected {args} to pass: {stderr_data}\'\nAssertionError: Expected [\'/usr/bin/python3\', \'-W\', \'ignore:setup.py install is deprecated\', \'setup.py\', \'--help-commands\'] to pass: Traceback (most recent call last):\n  File "/home/robot/ws_moveit2/src/my_robot_first_servo_control/setup.py", line 5, in <module>\n    setup(\n  File "/home/robot/.local/lib/python3.10/site-packages/setuptools/__init__.py", line 87, in setup\n    return distutils.core.setup(**attrs)\n  File "/home/robot/.local/lib/python3.10/site-packages/setuptools/_distutils/core.py", line 172, in setup\n    ok = dist.parse_command_line()\n  File "/home/robot/.local/lib/python3.10/site-packages/setuptools/_distutils/dist.py", line 471, in parse_command_line\n    if self.handle_display_options(option_order):\n  File "/home/robot/.local/lib/python3.10/site-packages/setuptools/dist.py", line 1185, in handle_display_options\n    return _Distribution.handle_display_options(self, option_order)\n  File "/home/robot/.local/lib/python3.10/site-packages/setuptools/_distutils/dist.py", line 685, in handle_display_options\n    self.print_commands()\n  File "/home/robot/.local/lib/python3.10/site-packages/setuptools/dist.py", line 964, in print_commands\n    return _Distribution.print_commands(self)\n  File "/home/robot/.local/lib/python3.10/site-packages/setuptools/_distutils/dist.py", line 754, in print_commands\n    self.print_command_list(std_commands, "Standard commands", max_length)\n  File "/home/robot/.local/lib/python3.10/site-packages/setuptools/_distutils/dist.py", line 721, in print_command_list\n    klass = self.get_command_class(cmd)\n  File "/home/robot/.local/lib/python3.10/site-packages/setuptools/dist.py", line 952, in get_command_class\n    eps = metadata.entry_points(group=\'distutils.commands\', name=command)\n  File "/usr/lib/python3.10/importlib/metadata/__init__.py", line 1021, in entry_points\n    return SelectableGroups.load(eps).select(**params)\n  File "/usr/lib/python3.10/importlib/metadata/__init__.py", line 459, in load\n    ordered = sorted(eps, key=by_group)\n  File "/usr/lib/python3.10/importlib/metadata/__init__.py", line 1019, in <genexpr>\n    dist.entry_points for dist in unique(distributions())\n  File "/usr/lib/python3.10/importlib/metadata/__init__.py", line 631, in entry_points\n    return EntryPoints._from_text_for(self.read_text(\'entry_points.txt\'), self)\n  File "/usr/lib/python3.10/importlib/metadata/__init__.py", line 381, in _from_text_for\n    return cls(ep._for(dist) for ep in cls._from_text(text))\n  File "/usr/lib/python3.10/importlib/metadata/__init__.py", line 381, in <genexpr>\n    return cls(ep._for(dist) for ep in cls._from_text(text))\n  File "<string>", line 1, in <lambda>\nKeyboardInterrupt\n\n'}
[2.609688] (my_robot_first_servo_control) JobEnded: {'identifier': 'my_robot_first_servo_control', 'rc': 'SIGINT'}
[2.620327] (-) EventReactorShutdown: {}
